Determining if the include file syscall.h exists failed with the following output:
Change Dir: /Users/jly/Code/minisql-master/cmake-build-debug/CMakeFiles/CMakeScratch/TryCompile-5KVREw

Run Build Command(s):/Users/jly/Library/Application Support/JetBrains/Toolbox/apps/CLion/ch-0/231.9161.40/CLion.app/Contents/bin/ninja/mac/ninja cmTC_f6e59 && [1/2] Building CXX object CMakeFiles/cmTC_f6e59.dir/CheckIncludeFile.cxx.o
FAILED: CMakeFiles/cmTC_f6e59.dir/CheckIncludeFile.cxx.o 
/Library/Developer/CommandLineTools/usr/bin/c++   -arch arm64 -isysroot /Library/Developer/CommandLineTools/SDKs/MacOSX13.3.sdk -fPIE -fcolor-diagnostics -std=gnu++17 -MD -MT CMakeFiles/cmTC_f6e59.dir/CheckIncludeFile.cxx.o -MF CMakeFiles/cmTC_f6e59.dir/CheckIncludeFile.cxx.o.d -o CMakeFiles/cmTC_f6e59.dir/CheckIncludeFile.cxx.o -c /Users/jly/Code/minisql-master/cmake-build-debug/CMakeFiles/CMakeScratch/TryCompile-5KVREw/CheckIncludeFile.cxx
/Users/jly/Code/minisql-master/cmake-build-debug/CMakeFiles/CMakeScratch/TryCompile-5KVREw/CheckIncludeFile.cxx:1:10: fatal error: 'syscall.h' file not found
#include <syscall.h>
         ^~~~~~~~~~~
1 error generated.
ninja: build stopped: subcommand failed.



Determining if the include file ucontext.h exists failed with the following output:
Change Dir: /Users/jly/Code/minisql-master/cmake-build-debug/CMakeFiles/CMakeScratch/TryCompile-PjHVAd

Run Build Command(s):/Users/jly/Library/Application Support/JetBrains/Toolbox/apps/CLion/ch-0/231.9161.40/CLion.app/Contents/bin/ninja/mac/ninja cmTC_a4306 && [1/2] Building CXX object CMakeFiles/cmTC_a4306.dir/CheckIncludeFile.cxx.o
FAILED: CMakeFiles/cmTC_a4306.dir/CheckIncludeFile.cxx.o 
/Library/Developer/CommandLineTools/usr/bin/c++   -arch arm64 -isysroot /Library/Developer/CommandLineTools/SDKs/MacOSX13.3.sdk -fPIE -fcolor-diagnostics -std=gnu++17 -MD -MT CMakeFiles/cmTC_a4306.dir/CheckIncludeFile.cxx.o -MF CMakeFiles/cmTC_a4306.dir/CheckIncludeFile.cxx.o.d -o CMakeFiles/cmTC_a4306.dir/CheckIncludeFile.cxx.o -c /Users/jly/Code/minisql-master/cmake-build-debug/CMakeFiles/CMakeScratch/TryCompile-PjHVAd/CheckIncludeFile.cxx
In file included from /Users/jly/Code/minisql-master/cmake-build-debug/CMakeFiles/CMakeScratch/TryCompile-PjHVAd/CheckIncludeFile.cxx:1:
/Library/Developer/CommandLineTools/SDKs/MacOSX13.3.sdk/usr/include/ucontext.h:51:2: error: The deprecated ucontext routines require _XOPEN_SOURCE to be defined
#error The deprecated ucontext routines require _XOPEN_SOURCE to be defined
 ^
1 error generated.
ninja: build stopped: subcommand failed.



Determining if the include file ext/slist exists failed with the following output:
Change Dir: /Users/jly/Code/minisql-master/cmake-build-debug/CMakeFiles/CMakeScratch/TryCompile-ubvXoX

Run Build Command(s):/Users/jly/Library/Application Support/JetBrains/Toolbox/apps/CLion/ch-0/231.9161.40/CLion.app/Contents/bin/ninja/mac/ninja cmTC_9e2be && [1/2] Building CXX object CMakeFiles/cmTC_9e2be.dir/CheckIncludeFile.cxx.o
FAILED: CMakeFiles/cmTC_9e2be.dir/CheckIncludeFile.cxx.o 
/Library/Developer/CommandLineTools/usr/bin/c++   -arch arm64 -isysroot /Library/Developer/CommandLineTools/SDKs/MacOSX13.3.sdk -fPIE -fcolor-diagnostics -std=gnu++17 -MD -MT CMakeFiles/cmTC_9e2be.dir/CheckIncludeFile.cxx.o -MF CMakeFiles/cmTC_9e2be.dir/CheckIncludeFile.cxx.o.d -o CMakeFiles/cmTC_9e2be.dir/CheckIncludeFile.cxx.o -c /Users/jly/Code/minisql-master/cmake-build-debug/CMakeFiles/CMakeScratch/TryCompile-ubvXoX/CheckIncludeFile.cxx
/Users/jly/Code/minisql-master/cmake-build-debug/CMakeFiles/CMakeScratch/TryCompile-ubvXoX/CheckIncludeFile.cxx:1:10: fatal error: 'ext/slist' file not found
#include <ext/slist>
         ^~~~~~~~~~~
1 error generated.
ninja: build stopped: subcommand failed.



Determining if the include file tr1/unordered_map exists failed with the following output:
Change Dir: /Users/jly/Code/minisql-master/cmake-build-debug/CMakeFiles/CMakeScratch/TryCompile-lcBX4t

Run Build Command(s):/Users/jly/Library/Application Support/JetBrains/Toolbox/apps/CLion/ch-0/231.9161.40/CLion.app/Contents/bin/ninja/mac/ninja cmTC_1eedc && [1/2] Building CXX object CMakeFiles/cmTC_1eedc.dir/CheckIncludeFile.cxx.o
FAILED: CMakeFiles/cmTC_1eedc.dir/CheckIncludeFile.cxx.o 
/Library/Developer/CommandLineTools/usr/bin/c++   -arch arm64 -isysroot /Library/Developer/CommandLineTools/SDKs/MacOSX13.3.sdk -fPIE -fcolor-diagnostics -std=gnu++17 -MD -MT CMakeFiles/cmTC_1eedc.dir/CheckIncludeFile.cxx.o -MF CMakeFiles/cmTC_1eedc.dir/CheckIncludeFile.cxx.o.d -o CMakeFiles/cmTC_1eedc.dir/CheckIncludeFile.cxx.o -c /Users/jly/Code/minisql-master/cmake-build-debug/CMakeFiles/CMakeScratch/TryCompile-lcBX4t/CheckIncludeFile.cxx
/Users/jly/Code/minisql-master/cmake-build-debug/CMakeFiles/CMakeScratch/TryCompile-lcBX4t/CheckIncludeFile.cxx:1:10: fatal error: 'tr1/unordered_map' file not found
#include <tr1/unordered_map>
         ^~~~~~~~~~~~~~~~~~~
1 error generated.
ninja: build stopped: subcommand failed.



Determining if the include file tr1/unordered_set exists failed with the following output:
Change Dir: /Users/jly/Code/minisql-master/cmake-build-debug/CMakeFiles/CMakeScratch/TryCompile-oRLUaa

Run Build Command(s):/Users/jly/Library/Application Support/JetBrains/Toolbox/apps/CLion/ch-0/231.9161.40/CLion.app/Contents/bin/ninja/mac/ninja cmTC_6c7ec && [1/2] Building CXX object CMakeFiles/cmTC_6c7ec.dir/CheckIncludeFile.cxx.o
FAILED: CMakeFiles/cmTC_6c7ec.dir/CheckIncludeFile.cxx.o 
/Library/Developer/CommandLineTools/usr/bin/c++   -arch arm64 -isysroot /Library/Developer/CommandLineTools/SDKs/MacOSX13.3.sdk -fPIE -fcolor-diagnostics -std=gnu++17 -MD -MT CMakeFiles/cmTC_6c7ec.dir/CheckIncludeFile.cxx.o -MF CMakeFiles/cmTC_6c7ec.dir/CheckIncludeFile.cxx.o.d -o CMakeFiles/cmTC_6c7ec.dir/CheckIncludeFile.cxx.o -c /Users/jly/Code/minisql-master/cmake-build-debug/CMakeFiles/CMakeScratch/TryCompile-oRLUaa/CheckIncludeFile.cxx
/Users/jly/Code/minisql-master/cmake-build-debug/CMakeFiles/CMakeScratch/TryCompile-oRLUaa/CheckIncludeFile.cxx:1:10: fatal error: 'tr1/unordered_set' file not found
#include <tr1/unordered_set>
         ^~~~~~~~~~~~~~~~~~~
1 error generated.
ninja: build stopped: subcommand failed.



Determining size of unsigned __int16 failed with the following output:
Change Dir: /Users/jly/Code/minisql-master/cmake-build-debug/CMakeFiles/CMakeScratch/TryCompile-s4au7U

Run Build Command(s):/Users/jly/Library/Application Support/JetBrains/Toolbox/apps/CLion/ch-0/231.9161.40/CLion.app/Contents/bin/ninja/mac/ninja cmTC_2ca1e && [1/2] Building CXX object CMakeFiles/cmTC_2ca1e.dir/HAVE___UINT16.cpp.o
FAILED: CMakeFiles/cmTC_2ca1e.dir/HAVE___UINT16.cpp.o 
/Library/Developer/CommandLineTools/usr/bin/c++   -arch arm64 -isysroot /Library/Developer/CommandLineTools/SDKs/MacOSX13.3.sdk -fPIE -fcolor-diagnostics -std=gnu++17 -MD -MT CMakeFiles/cmTC_2ca1e.dir/HAVE___UINT16.cpp.o -MF CMakeFiles/cmTC_2ca1e.dir/HAVE___UINT16.cpp.o.d -o CMakeFiles/cmTC_2ca1e.dir/HAVE___UINT16.cpp.o -c /Users/jly/Code/minisql-master/cmake-build-debug/CMakeFiles/CMakeScratch/TryCompile-s4au7U/HAVE___UINT16.cpp
/Users/jly/Code/minisql-master/cmake-build-debug/CMakeFiles/CMakeScratch/TryCompile-s4au7U/HAVE___UINT16.cpp:29:12: error: expected ')'
  ('0' + ((SIZE / 10000)%10)),
           ^
/Users/jly/Code/minisql-master/cmake-build-debug/CMakeFiles/CMakeScratch/TryCompile-s4au7U/HAVE___UINT16.cpp:27:31: note: expanded from macro 'SIZE'
#define SIZE (sizeof(unsigned __int16))
                              ^
/Users/jly/Code/minisql-master/cmake-build-debug/CMakeFiles/CMakeScratch/TryCompile-s4au7U/HAVE___UINT16.cpp:29:12: note: to match this '('
/Users/jly/Code/minisql-master/cmake-build-debug/CMakeFiles/CMakeScratch/TryCompile-s4au7U/HAVE___UINT16.cpp:27:21: note: expanded from macro 'SIZE'
#define SIZE (sizeof(unsigned __int16))
                    ^
/Users/jly/Code/minisql-master/cmake-build-debug/CMakeFiles/CMakeScratch/TryCompile-s4au7U/HAVE___UINT16.cpp:30:12: error: expected ')'
  ('0' + ((SIZE / 1000)%10)),
           ^
/Users/jly/Code/minisql-master/cmake-build-debug/CMakeFiles/CMakeScratch/TryCompile-s4au7U/HAVE___UINT16.cpp:27:31: note: expanded from macro 'SIZE'
#define SIZE (sizeof(unsigned __int16))
                              ^
/Users/jly/Code/minisql-master/cmake-build-debug/CMakeFiles/CMakeScratch/TryCompile-s4au7U/HAVE___UINT16.cpp:30:12: note: to match this '('
/Users/jly/Code/minisql-master/cmake-build-debug/CMakeFiles/CMakeScratch/TryCompile-s4au7U/HAVE___UINT16.cpp:27:21: note: expanded from macro 'SIZE'
#define SIZE (sizeof(unsigned __int16))
                    ^
/Users/jly/Code/minisql-master/cmake-build-debug/CMakeFiles/CMakeScratch/TryCompile-s4au7U/HAVE___UINT16.cpp:31:12: error: expected ')'
  ('0' + ((SIZE / 100)%10)),
           ^
/Users/jly/Code/minisql-master/cmake-build-debug/CMakeFiles/CMakeScratch/TryCompile-s4au7U/HAVE___UINT16.cpp:27:31: note: expanded from macro 'SIZE'
#define SIZE (sizeof(unsigned __int16))
                              ^
/Users/jly/Code/minisql-master/cmake-build-debug/CMakeFiles/CMakeScratch/TryCompile-s4au7U/HAVE___UINT16.cpp:31:12: note: to match this '('
/Users/jly/Code/minisql-master/cmake-build-debug/CMakeFiles/CMakeScratch/TryCompile-s4au7U/HAVE___UINT16.cpp:27:21: note: expanded from macro 'SIZE'
#define SIZE (sizeof(unsigned __int16))
                    ^
/Users/jly/Code/minisql-master/cmake-build-debug/CMakeFiles/CMakeScratch/TryCompile-s4au7U/HAVE___UINT16.cpp:32:12: error: expected ')'
  ('0' + ((SIZE / 10)%10)),
           ^
/Users/jly/Code/minisql-master/cmake-build-debug/CMakeFiles/CMakeScratch/TryCompile-s4au7U/HAVE___UINT16.cpp:27:31: note: expanded from macro 'SIZE'
#define SIZE (sizeof(unsigned __int16))
                              ^
/Users/jly/Code/minisql-master/cmake-build-debug/CMakeFiles/CMakeScratch/TryCompile-s4au7U/HAVE___UINT16.cpp:32:12: note: to match this '('
/Users/jly/Code/minisql-master/cmake-build-debug/CMakeFiles/CMakeScratch/TryCompile-s4au7U/HAVE___UINT16.cpp:27:21: note: expanded from macro 'SIZE'
#define SIZE (sizeof(unsigned __int16))
                    ^
/Users/jly/Code/minisql-master/cmake-build-debug/CMakeFiles/CMakeScratch/TryCompile-s4au7U/HAVE___UINT16.cpp:33:12: error: expected ')'
  ('0' +  (SIZE    % 10)),
           ^
/Users/jly/Code/minisql-master/cmake-build-debug/CMakeFiles/CMakeScratch/TryCompile-s4au7U/HAVE___UINT16.cpp:27:31: note: expanded from macro 'SIZE'
#define SIZE (sizeof(unsigned __int16))
                              ^
/Users/jly/Code/minisql-master/cmake-build-debug/CMakeFiles/CMakeScratch/TryCompile-s4au7U/HAVE___UINT16.cpp:33:12: note: to match this '('
/Users/jly/Code/minisql-master/cmake-build-debug/CMakeFiles/CMakeScratch/TryCompile-s4au7U/HAVE___UINT16.cpp:27:21: note: expanded from macro 'SIZE'
#define SIZE (sizeof(unsigned __int16))
                    ^
5 errors generated.
ninja: build stopped: subcommand failed.


HAVE___UINT16.cpp:
#include <sys/types.h>
#include <stdint.h>
#include <stddef.h>


#undef KEY
#if defined(__i386)
# define KEY '_','_','i','3','8','6'
#elif defined(__x86_64)
# define KEY '_','_','x','8','6','_','6','4'
#elif defined(__PPC64__)
# define KEY '_','_','P','P','C','6','4','_','_'
#elif defined(__ppc64__)
# define KEY '_','_','p','p','c','6','4','_','_'
#elif defined(__PPC__)
# define KEY '_','_','P','P','C','_','_'
#elif defined(__ppc__)
# define KEY '_','_','p','p','c','_','_'
#elif defined(__aarch64__)
# define KEY '_','_','a','a','r','c','h','6','4','_','_'
#elif defined(__ARM_ARCH_7A__)
# define KEY '_','_','A','R','M','_','A','R','C','H','_','7','A','_','_'
#elif defined(__ARM_ARCH_7S__)
# define KEY '_','_','A','R','M','_','A','R','C','H','_','7','S','_','_'
#endif

#define SIZE (sizeof(unsigned __int16))
static char info_size[] =  {'I', 'N', 'F', 'O', ':', 's','i','z','e','[',
  ('0' + ((SIZE / 10000)%10)),
  ('0' + ((SIZE / 1000)%10)),
  ('0' + ((SIZE / 100)%10)),
  ('0' + ((SIZE / 10)%10)),
  ('0' +  (SIZE    % 10)),
  ']',
#ifdef KEY
  ' ','k','e','y','[', KEY, ']',
#endif
  '\0'};

#ifdef __CLASSIC_C__
int main(argc, argv) int argc; char *argv[];
#else
int main(int argc, char *argv[])
#endif
{
  int require = 0;
  require += info_size[argc];
  (void)argv;
  return require;
}


Determining if the function UnDecorateSymbolName exists in the dbghelp failed with the following output:
Change Dir: /Users/jly/Code/minisql-master/cmake-build-debug/CMakeFiles/CMakeScratch/TryCompile-d6EN6Q

Run Build Command(s):/Users/jly/Library/Application Support/JetBrains/Toolbox/apps/CLion/ch-0/231.9161.40/CLion.app/Contents/bin/ninja/mac/ninja cmTC_2b88a && [1/2] Building C object CMakeFiles/cmTC_2b88a.dir/CheckFunctionExists.c.o
[2/2] Linking C executable cmTC_2b88a
FAILED: cmTC_2b88a 
: && /Library/Developer/CommandLineTools/usr/bin/cc -DCHECK_FUNCTION_EXISTS=UnDecorateSymbolName -arch arm64 -isysroot /Library/Developer/CommandLineTools/SDKs/MacOSX13.3.sdk -Wl,-search_paths_first -Wl,-headerpad_max_install_names  CMakeFiles/cmTC_2b88a.dir/CheckFunctionExists.c.o -o cmTC_2b88a  -ldbghelp && :
ld: library not found for -ldbghelp
clang: error: linker command failed with exit code 1 (use -v to see invocation)
ninja: build stopped: subcommand failed.



Performing C++ SOURCE FILE Test HAVE___DECLSPEC failed with the following output:
Change Dir: /Users/jly/Code/minisql-master/cmake-build-debug/CMakeFiles/CMakeScratch/TryCompile-N8KhPf

Run Build Command(s):/Users/jly/Library/Application Support/JetBrains/Toolbox/apps/CLion/ch-0/231.9161.40/CLion.app/Contents/bin/ninja/mac/ninja cmTC_4f1db && [1/2] Building CXX object CMakeFiles/cmTC_4f1db.dir/src.cxx.o
FAILED: CMakeFiles/cmTC_4f1db.dir/src.cxx.o 
/Library/Developer/CommandLineTools/usr/bin/c++ -DHAVE___DECLSPEC  -arch arm64 -isysroot /Library/Developer/CommandLineTools/SDKs/MacOSX13.3.sdk -fPIE -fcolor-diagnostics -MD -MT CMakeFiles/cmTC_4f1db.dir/src.cxx.o -MF CMakeFiles/cmTC_4f1db.dir/src.cxx.o.d -o CMakeFiles/cmTC_4f1db.dir/src.cxx.o -c /Users/jly/Code/minisql-master/cmake-build-debug/CMakeFiles/CMakeScratch/TryCompile-N8KhPf/src.cxx
/Users/jly/Code/minisql-master/cmake-build-debug/CMakeFiles/CMakeScratch/TryCompile-N8KhPf/src.cxx:2:1: error: '__declspec' attributes are not enabled; use '-fdeclspec' or '-fms-extensions' to enable support for __declspec attributes
__declspec(selectany) int a;
^
1 error generated.
ninja: build stopped: subcommand failed.


Source file was:

__declspec(selectany) int a;
int main(void) { return 0; }


Performing C++ SOURCE FILE Test STL_NO_NAMESPACE failed with the following output:
Change Dir: /Users/jly/Code/minisql-master/cmake-build-debug/CMakeFiles/CMakeScratch/TryCompile-xLo4ro

Run Build Command(s):/Users/jly/Library/Application Support/JetBrains/Toolbox/apps/CLion/ch-0/231.9161.40/CLion.app/Contents/bin/ninja/mac/ninja cmTC_2c91f && [1/2] Building CXX object CMakeFiles/cmTC_2c91f.dir/src.cxx.o
FAILED: CMakeFiles/cmTC_2c91f.dir/src.cxx.o 
/Library/Developer/CommandLineTools/usr/bin/c++ -DSTL_NO_NAMESPACE  -arch arm64 -isysroot /Library/Developer/CommandLineTools/SDKs/MacOSX13.3.sdk -fPIE -fcolor-diagnostics -MD -MT CMakeFiles/cmTC_2c91f.dir/src.cxx.o -MF CMakeFiles/cmTC_2c91f.dir/src.cxx.o.d -o CMakeFiles/cmTC_2c91f.dir/src.cxx.o -c /Users/jly/Code/minisql-master/cmake-build-debug/CMakeFiles/CMakeScratch/TryCompile-xLo4ro/src.cxx
/Users/jly/Code/minisql-master/cmake-build-debug/CMakeFiles/CMakeScratch/TryCompile-xLo4ro/src.cxx:3:1: error: no template named 'vector'; did you mean 'std::vector'?
vector<int> t; int main() { }
^~~~~~
std::vector
/Library/Developer/CommandLineTools/SDKs/MacOSX13.3.sdk/usr/include/c++/v1/vector:340:28: note: 'std::vector' declared here
class _LIBCPP_TEMPLATE_VIS vector
                           ^
1 error generated.
ninja: build stopped: subcommand failed.


Source file was:

#include <vector>
vector<int> t; int main() { }


Performing C++ SOURCE FILE Test HAVE_MSVC_TLS failed with the following output:
Change Dir: /Users/jly/Code/minisql-master/cmake-build-debug/CMakeFiles/CMakeScratch/TryCompile-7p9e3O

Run Build Command(s):/Users/jly/Library/Application Support/JetBrains/Toolbox/apps/CLion/ch-0/231.9161.40/CLion.app/Contents/bin/ninja/mac/ninja cmTC_4700a && [1/2] Building CXX object CMakeFiles/cmTC_4700a.dir/src.cxx.o
FAILED: CMakeFiles/cmTC_4700a.dir/src.cxx.o 
/Library/Developer/CommandLineTools/usr/bin/c++ -DHAVE_MSVC_TLS  -arch arm64 -isysroot /Library/Developer/CommandLineTools/SDKs/MacOSX13.3.sdk -fPIE -fcolor-diagnostics -MD -MT CMakeFiles/cmTC_4700a.dir/src.cxx.o -MF CMakeFiles/cmTC_4700a.dir/src.cxx.o.d -o CMakeFiles/cmTC_4700a.dir/src.cxx.o -c /Users/jly/Code/minisql-master/cmake-build-debug/CMakeFiles/CMakeScratch/TryCompile-7p9e3O/src.cxx
/Users/jly/Code/minisql-master/cmake-build-debug/CMakeFiles/CMakeScratch/TryCompile-7p9e3O/src.cxx:2:1: error: '__declspec' attributes are not enabled; use '-fdeclspec' or '-fms-extensions' to enable support for __declspec attributes
__declspec(thread) int tls;
^
1 error generated.
ninja: build stopped: subcommand failed.


Source file was:

__declspec(thread) int tls;
int main() { }


Performing C++ SOURCE FILE Test HAVE_CXX11_TLS failed with the following output:
Change Dir: /Users/jly/Code/minisql-master/cmake-build-debug/CMakeFiles/CMakeScratch/TryCompile-1JLJ8y

Run Build Command(s):/Users/jly/Library/Application Support/JetBrains/Toolbox/apps/CLion/ch-0/231.9161.40/CLion.app/Contents/bin/ninja/mac/ninja cmTC_85a90 && [1/2] Building CXX object CMakeFiles/cmTC_85a90.dir/src.cxx.o
FAILED: CMakeFiles/cmTC_85a90.dir/src.cxx.o 
/Library/Developer/CommandLineTools/usr/bin/c++ -DHAVE_CXX11_TLS  -arch arm64 -isysroot /Library/Developer/CommandLineTools/SDKs/MacOSX13.3.sdk -fPIE -fcolor-diagnostics -MD -MT CMakeFiles/cmTC_85a90.dir/src.cxx.o -MF CMakeFiles/cmTC_85a90.dir/src.cxx.o.d -o CMakeFiles/cmTC_85a90.dir/src.cxx.o -c /Users/jly/Code/minisql-master/cmake-build-debug/CMakeFiles/CMakeScratch/TryCompile-1JLJ8y/src.cxx
/Users/jly/Code/minisql-master/cmake-build-debug/CMakeFiles/CMakeScratch/TryCompile-1JLJ8y/src.cxx:2:1: error: unknown type name 'thread_local'
thread_local int tls;
^
1 error generated.
ninja: build stopped: subcommand failed.


Source file was:

thread_local int tls;
int main() { }


Performing C++ SOURCE FILE Test HAVE_ALIGNED_STORAGE failed with the following output:
Change Dir: /Users/jly/Code/minisql-master/cmake-build-debug/CMakeFiles/CMakeScratch/TryCompile-eSoCud

Run Build Command(s):/Users/jly/Library/Application Support/JetBrains/Toolbox/apps/CLion/ch-0/231.9161.40/CLion.app/Contents/bin/ninja/mac/ninja cmTC_b03a0 && [1/2] Building CXX object CMakeFiles/cmTC_b03a0.dir/src.cxx.o
FAILED: CMakeFiles/cmTC_b03a0.dir/src.cxx.o 
/Library/Developer/CommandLineTools/usr/bin/c++ -DHAVE_ALIGNED_STORAGE  -arch arm64 -isysroot /Library/Developer/CommandLineTools/SDKs/MacOSX13.3.sdk -fPIE -fcolor-diagnostics -MD -MT CMakeFiles/cmTC_b03a0.dir/src.cxx.o -MF CMakeFiles/cmTC_b03a0.dir/src.cxx.o.d -o CMakeFiles/cmTC_b03a0.dir/src.cxx.o -c /Users/jly/Code/minisql-master/cmake-build-debug/CMakeFiles/CMakeScratch/TryCompile-eSoCud/src.cxx
/Users/jly/Code/minisql-master/cmake-build-debug/CMakeFiles/CMakeScratch/TryCompile-eSoCud/src.cxx:3:48: error: expected '(' for function-style cast or type construction
std::aligned_storage<sizeof(char), alignof(char)>::type data;
                                           ~~~~^
1 error generated.
ninja: build stopped: subcommand failed.


Source file was:

#include <type_traits>
std::aligned_storage<sizeof(char), alignof(char)>::type data;
int main() { }


Performing C++ SOURCE FILE Test HAVE_CXX11_CONSTEXPR failed with the following output:
Change Dir: /Users/jly/Code/minisql-master/cmake-build-debug/CMakeFiles/CMakeScratch/TryCompile-E6Dgqo

Run Build Command(s):/Users/jly/Library/Application Support/JetBrains/Toolbox/apps/CLion/ch-0/231.9161.40/CLion.app/Contents/bin/ninja/mac/ninja cmTC_5ce74 && [1/2] Building CXX object CMakeFiles/cmTC_5ce74.dir/src.cxx.o
FAILED: CMakeFiles/cmTC_5ce74.dir/src.cxx.o 
/Library/Developer/CommandLineTools/usr/bin/c++ -DHAVE_CXX11_CONSTEXPR  -arch arm64 -isysroot /Library/Developer/CommandLineTools/SDKs/MacOSX13.3.sdk -fPIE -fcolor-diagnostics -MD -MT CMakeFiles/cmTC_5ce74.dir/src.cxx.o -MF CMakeFiles/cmTC_5ce74.dir/src.cxx.o.d -o CMakeFiles/cmTC_5ce74.dir/src.cxx.o -c /Users/jly/Code/minisql-master/cmake-build-debug/CMakeFiles/CMakeScratch/TryCompile-E6Dgqo/src.cxx
/Users/jly/Code/minisql-master/cmake-build-debug/CMakeFiles/CMakeScratch/TryCompile-E6Dgqo/src.cxx:2:1: error: unknown type name 'constexpr'
constexpr int x = 0;
^
1 error generated.
ninja: build stopped: subcommand failed.


Source file was:

constexpr int x = 0;
int main() { }


